c:\users\monster\documents\vısual studıo 2015\projects\küp\küp\debug\vc140.pdb
c:\users\monster\documents\vısual studıo 2015\projects\küp\küp\debug\vc140.ıdb
c:\users\monster\documents\vısual studıo 2015\projects\küp\küp\debug\angel.obj
c:\users\monster\documents\vısual studıo 2015\projects\küp\küp\debug\source.obj
c:\users\monster\documents\vısual studıo 2015\projects\küp\debug\küp.ılk
c:\users\monster\documents\vısual studıo 2015\projects\küp\debug\küp.exe
c:\users\monster\documents\vısual studıo 2015\projects\küp\debug\küp.pdb
c:\users\monster\documents\visual studio 2015\projects\küp\küp\debug\angel.obj
c:\users\monster\documents\visual studio 2015\projects\küp\küp\debug\source.obj
c:\users\monster\documents\visual studio 2015\projects\küp\küp\debug\vc140.idb
c:\users\monster\documents\visual studio 2015\projects\küp\küp\debug\vc140.pdb
c:\users\monster\documents\visual studio 2015\projects\küp\debug\küp.pdb
c:\users\monster\documents\visual studio 2015\projects\küp\debug\küp.exe
c:\users\monster\documents\visual studio 2015\projects\küp\debug\küp.ilk
c:\users\monster\documents\visual studio 2015\projects\küp\küp\debug\küp.tlog\cl.command.1.tlog
c:\users\monster\documents\visual studio 2015\projects\küp\küp\debug\küp.tlog\cl.read.1.tlog
c:\users\monster\documents\visual studio 2015\projects\küp\küp\debug\küp.tlog\cl.write.1.tlog
c:\users\monster\documents\visual studio 2015\projects\küp\küp\debug\küp.tlog\link.command.1.tlog
c:\users\monster\documents\visual studio 2015\projects\küp\küp\debug\küp.tlog\link.read.1.tlog
c:\users\monster\documents\visual studio 2015\projects\küp\küp\debug\küp.tlog\link.write.1.tlog
